<?xml version="1.0" encoding="UTF-8"?>
<testsuite name="ClienteTest" tests="2" skipped="0" failures="0" errors="0" timestamp="2022-08-25T21:43:16" hostname="DESKTOP-INMAHRO" time="0.05">
  <properties/>
  <testcase name="removeProduto()" classname="ClienteTest" time="0.045"/>
  <testcase name="addProduto()" classname="ClienteTest" time="0.004"/>
  <system-out><![CDATA[Produto Sorvete adicionado na Lista de Compras.
Produto Chocolate adicionado na Lista de Compras.
Produto Bala adicionado na Lista de Compras.
Digite um produto para ser excluído da Lista de Compras: 
Produto Bala excluído da Lista de Compras.
Produto Sorvete adicionado na Lista de Compras.
Produto Chocolate adicionado na Lista de Compras.
Produto Bala adicionado na Lista de Compras.
]]></system-out>
  <system-err><![CDATA[]]></system-err>
</testsuite>
